2023-09-15 09:01:24,299 DEBUG [main] InternalLoggerFactory:89 - Using Log4J as the default logging framework
 2023-09-15 09:01:24,311 DEBUG [main] ResourceLeakDetector:129 - -Dio.netty.leakDetection.level: simple
 2023-09-15 09:01:24,312 DEBUG [main] ResourceLeakDetector:130 - -Dio.netty.leakDetection.targetRecords: 4
 2023-09-15 09:01:24,321 DEBUG [main] ResourceLeakDetectorFactory:196 - Loaded default ResourceLeakDetector: io.netty.util.ResourceLeakDetector@4912d525
 2023-09-15 09:01:24,357 DEBUG [main] PlatformDependent0:497 - -Dio.netty.noUnsafe: false
 2023-09-15 09:01:24,359 DEBUG [main] PlatformDependent0:1001 - Java version: 17
 2023-09-15 09:01:24,363 DEBUG [main] PlatformDependent0:137 - sun.misc.Unsafe.theUnsafe: available
 2023-09-15 09:01:24,367 DEBUG [main] PlatformDependent0:161 - sun.misc.Unsafe.copyMemory: available
 2023-09-15 09:01:24,369 DEBUG [main] PlatformDependent0:193 - sun.misc.Unsafe.storeFence: available
 2023-09-15 09:01:24,371 DEBUG [main] PlatformDependent0:236 - java.nio.Buffer.address: available
 2023-09-15 09:01:24,372 DEBUG [main] PlatformDependent0:321 - direct buffer constructor: unavailable: Reflective setAccessible(true) disabled
 2023-09-15 09:01:24,375 DEBUG [main] PlatformDependent0:386 - java.nio.Bits.unaligned: available, true
 2023-09-15 09:01:24,378 DEBUG [main] PlatformDependent0:453 - jdk.internal.misc.Unsafe.allocateUninitializedArray(int): unavailable: class io.netty.util.internal.PlatformDependent0$7 cannot access class jdk.internal.misc.Unsafe (in module java.base) because module java.base does not export jdk.internal.misc to unnamed module @50f8360d
 2023-09-15 09:01:24,384 DEBUG [main] PlatformDependent0:483 - java.nio.DirectByteBuffer.<init>(long, {int,long}): unavailable
 2023-09-15 09:01:24,384 DEBUG [main] PlatformDependent:1159 - sun.misc.Unsafe: available
 2023-09-15 09:01:24,409 DEBUG [main] PlatformDependent:1270 - maxDirectMemory: 2124414976 bytes (maybe)
 2023-09-15 09:01:24,413 DEBUG [main] PlatformDependent:1289 - -Dio.netty.tmpdir: C:\Users\USHASR~1\AppData\Local\Temp (java.io.tmpdir)
 2023-09-15 09:01:24,413 DEBUG [main] PlatformDependent:1368 - -Dio.netty.bitMode: 64 (sun.arch.data.model)
 2023-09-15 09:01:24,416 DEBUG [main] PlatformDependent:1119 - Platform: Windows
 2023-09-15 09:01:24,418 DEBUG [main] PlatformDependent:178 - -Dio.netty.maxDirectMemory: -1 bytes
 2023-09-15 09:01:24,418 DEBUG [main] PlatformDependent:185 - -Dio.netty.uninitializedArrayAllocationThreshold: -1
 2023-09-15 09:01:24,421 DEBUG [main] CleanerJava9:71 - java.nio.ByteBuffer.cleaner(): available
 2023-09-15 09:01:24,421 DEBUG [main] PlatformDependent:205 - -Dio.netty.noPreferDirect: false
 2023-09-15 09:01:24,437 DEBUG [main] PlatformDependent:1010 - org.jctools-core.MpscChunkedArrayQueue: available
 2023-09-15 09:01:24,468 DEBUG [main] InternalThreadLocalMap:100 - -Dio.netty.threadLocalMap.stringBuilder.initialSize: 1024
 2023-09-15 09:01:24,468 DEBUG [main] InternalThreadLocalMap:101 - -Dio.netty.threadLocalMap.stringBuilder.maxSize: 4096
 2023-09-15 09:01:24,505 DEBUG [main] JdkSslContext:83 - Default protocols (JDK): [TLSv1.3, TLSv1.2] 
 2023-09-15 09:01:24,511 DEBUG [main] JdkSslContext:84 - Default cipher suites (JDK): [TLS_ECDHE_ECDSA_WITH_AES_256_GCM_SHA384, TLS_ECDHE_ECDSA_WITH_AES_128_GCM_SHA256, TLS_ECDHE_RSA_WITH_AES_128_GCM_SHA256, TLS_ECDHE_RSA_WITH_AES_256_GCM_SHA384, TLS_ECDHE_RSA_WITH_AES_128_CBC_SHA, TLS_ECDHE_RSA_WITH_AES_256_CBC_SHA, TLS_RSA_WITH_AES_128_GCM_SHA256, TLS_RSA_WITH_AES_128_CBC_SHA, TLS_RSA_WITH_AES_256_CBC_SHA, TLS_AES_128_GCM_SHA256, TLS_AES_256_GCM_SHA384]
 2023-09-15 09:01:24,539 DEBUG [main] GlobalEventExecutor:53 - -Dio.netty.globalEventExecutor.quietPeriodSeconds: 1
 2023-09-15 09:01:24,559 DEBUG [main] MultithreadEventLoopGroup:44 - -Dio.netty.eventLoopThreads: 8
 2023-09-15 09:01:24,575 DEBUG [main] NioEventLoop:110 - -Dio.netty.noKeySetOptimization: false
 2023-09-15 09:01:24,576 DEBUG [main] NioEventLoop:111 - -Dio.netty.selectorAutoRebuildThreshold: 512
 2023-09-15 09:01:24,650 DEBUG [main] PooledByteBufAllocator:157 - -Dio.netty.allocator.numHeapArenas: 8
 2023-09-15 09:01:24,651 DEBUG [main] PooledByteBufAllocator:158 - -Dio.netty.allocator.numDirectArenas: 8
 2023-09-15 09:01:24,651 DEBUG [main] PooledByteBufAllocator:160 - -Dio.netty.allocator.pageSize: 8192
 2023-09-15 09:01:24,652 DEBUG [main] PooledByteBufAllocator:165 - -Dio.netty.allocator.maxOrder: 9
 2023-09-15 09:01:24,652 DEBUG [main] PooledByteBufAllocator:169 - -Dio.netty.allocator.chunkSize: 4194304
 2023-09-15 09:01:24,652 DEBUG [main] PooledByteBufAllocator:170 - -Dio.netty.allocator.smallCacheSize: 256
 2023-09-15 09:01:24,653 DEBUG [main] PooledByteBufAllocator:171 - -Dio.netty.allocator.normalCacheSize: 64
 2023-09-15 09:01:24,653 DEBUG [main] PooledByteBufAllocator:172 - -Dio.netty.allocator.maxCachedBufferCapacity: 32768
 2023-09-15 09:01:24,654 DEBUG [main] PooledByteBufAllocator:173 - -Dio.netty.allocator.cacheTrimInterval: 8192
 2023-09-15 09:01:24,655 DEBUG [main] PooledByteBufAllocator:174 - -Dio.netty.allocator.cacheTrimIntervalMillis: 0
 2023-09-15 09:01:24,655 DEBUG [main] PooledByteBufAllocator:175 - -Dio.netty.allocator.useCacheForAllThreads: false
 2023-09-15 09:01:24,656 DEBUG [main] PooledByteBufAllocator:176 - -Dio.netty.allocator.maxCachedByteBuffersPerChunk: 1023
 2023-09-15 09:01:24,677 DEBUG [main] ByteBufUtil:89 - -Dio.netty.allocator.type: pooled
 2023-09-15 09:01:24,677 DEBUG [main] ByteBufUtil:98 - -Dio.netty.threadLocalDirectBufferSize: 0
 2023-09-15 09:01:24,677 DEBUG [main] ByteBufUtil:101 - -Dio.netty.maxThreadLocalCharBufferSize: 16384
 2023-09-15 09:01:25,412 DEBUG [Forwarding newSession on session null to remote] DefaultChannelId:79 - -Dio.netty.processId: 15904 (auto-detected)
 2023-09-15 09:01:25,416 DEBUG [Forwarding newSession on session null to remote] NetUtil:148 - -Djava.net.preferIPv4Stack: false
 2023-09-15 09:01:25,417 DEBUG [Forwarding newSession on session null to remote] NetUtil:149 - -Djava.net.preferIPv6Addresses: false
 2023-09-15 09:01:25,429 DEBUG [Forwarding newSession on session null to remote] NetUtilInitializations:145 - Loopback interface: lo (Software Loopback Interface 1, 127.0.0.1)
 2023-09-15 09:01:25,432 DEBUG [Forwarding newSession on session null to remote] NetUtil:206 - Failed to get SOMAXCONN from sysctl and file \proc\sys\net\core\somaxconn. Default: 200
 2023-09-15 09:01:25,458 DEBUG [Forwarding newSession on session null to remote] DefaultChannelId:101 - -Dio.netty.machineId: e4:f8:9c:ff:fe:36:71:71 (auto-detected)
 2023-09-15 09:01:25,533 DEBUG [AsyncHttpClient-1-2] AbstractByteBuf:63 - -Dio.netty.buffer.checkAccessible: true
 2023-09-15 09:01:25,534 DEBUG [AsyncHttpClient-1-2] AbstractByteBuf:64 - -Dio.netty.buffer.checkBounds: true
 2023-09-15 09:01:25,534 DEBUG [AsyncHttpClient-1-2] ResourceLeakDetectorFactory:196 - Loaded default ResourceLeakDetector: io.netty.util.ResourceLeakDetector@21b52a20
 2023-09-15 09:01:25,582 DEBUG [AsyncHttpClient-1-2] Recycler:96 - -Dio.netty.recycler.maxCapacityPerThread: 4096
 2023-09-15 09:01:25,583 DEBUG [AsyncHttpClient-1-2] Recycler:97 - -Dio.netty.recycler.ratio: 8
 2023-09-15 09:01:25,583 DEBUG [AsyncHttpClient-1-2] Recycler:98 - -Dio.netty.recycler.chunkSize: 32
 2023-09-15 09:01:25,584 DEBUG [AsyncHttpClient-1-2] Recycler:99 - -Dio.netty.recycler.blocking: false
 2023-09-15 09:01:25,584 DEBUG [AsyncHttpClient-1-2] Recycler:100 - -Dio.netty.recycler.batchFastThreadLocalOnly: true
 2023-09-15 09:01:26,672 DEBUG [AsyncHttpClient-1-2] Brotli:38 - brotli4j not in the classpath; Brotli support will be unavailable.
 2023-09-15 09:01:26,844 DEBUG [main] ThreadLocalRandom:214 - -Dio.netty.initialSeedUniquifier: 0xaac61c97b40bf7df
 2023-09-15 09:01:27,084  INFO [main] Wynisco:62 - Page Title :- 
 2023-09-15 09:01:37,477  INFO [main] Wynisco:62 - Page Title :- 
 2023-09-15 09:01:44,630  INFO [main] Wynisco:26 - Entered FirstName
 2023-09-15 09:01:44,848  INFO [main] Wynisco:29 - Entered LastName
 2023-09-15 09:01:45,026  INFO [main] Wynisco:32 - Entered Email
 2023-09-15 09:01:45,143  INFO [main] Wynisco:35 - Entered Phone
 2023-09-15 09:01:45,308  INFO [main] Wynisco:39 - Selected Group Training
 2023-09-15 09:01:45,517  INFO [main] Wynisco:46 - Selected Country as India
 2023-09-15 09:01:45,517  INFO [main] Wynisco:47 - Didn't click on Submit
 